# JRE version: OpenJDK Runtime Environment (8.0_152-b06) (build 1.8.0_152-release-1136-b06)
# Java VM: OpenJDK 64-Bit Server VM (25.152-b06 mixed mode windows-amd64 compressed oops)
Heap:
 PSYoungGen      total 166912K, used 10251K [0x00000000e0000000, 0x00000000ecd00000, 0x0000000100000000)
  eden space 146944K, 6% used [0x00000000e0000000,0x00000000e0a02d60,0x00000000e8f80000)
  from space 19968K, 0% used [0x00000000eb980000,0x00000000eb980000,0x00000000ecd00000)
  to   space 18432K, 0% used [0x00000000e8f80000,0x00000000e8f80000,0x00000000ea180000)
 ParOldGen       total 144384K, used 44916K [0x00000000a0000000, 0x00000000a8d00000, 0x00000000e0000000)
  object space 144384K, 31% used [0x00000000a0000000,0x00000000a2bdd170,0x00000000a8d00000)
 Metaspace       used 73077K, capacity 75396K, committed 75800K, reserved 1116160K
  class space    used 9602K, capacity 10135K, committed 10272K, reserved 1048576K
GC Heap History (10 events):
Event: 19.010 GC heap before
{Heap before GC invocations=16 (full 2):
 PSYoungGen      total 140288K, used 124712K [0x00000000e0000000, 0x00000000eb000000, 0x0000000100000000)
  eden space 126464K, 88% used [0x00000000e0000000,0x00000000e6d7f300,0x00000000e7b80000)
  from space 13824K, 91% used [0x00000000e7b80000,0x00000000e87caf60,0x00000000e8900000)
  to   space 14848K, 0% used [0x00000000ea180000,0x00000000ea180000,0x00000000eb000000)
 ParOldGen       total 90112K, used 22052K [0x00000000a0000000, 0x00000000a5800000, 0x00000000e0000000)
  object space 90112K, 24% used [0x00000000a0000000,0x00000000a15890d8,0x00000000a5800000)
 Metaspace       used 57329K, capacity 59036K, committed 59160K, reserved 1099776K
  class space    used 7759K, capacity 8155K, committed 8224K, reserved 1048576K
Event: 19.033 GC heap after
Heap after GC invocations=16 (full 2):
 PSYoungGen      total 161792K, used 14835K [0x00000000e0000000, 0x00000000eb580000, 0x0000000100000000)
  eden space 146944K, 0% used [0x00000000e0000000,0x00000000e0000000,0x00000000e8f80000)
  from space 14848K, 99% used [0x00000000ea180000,0x00000000eaffce50,0x00000000eb000000)
  to   space 18432K, 0% used [0x00000000e8f80000,0x00000000e8f80000,0x00000000ea180000)
 ParOldGen       total 90112K, used 26474K [0x00000000a0000000, 0x00000000a5800000, 0x00000000e0000000)
  object space 90112K, 29% used [0x00000000a0000000,0x00000000a19da9b0,0x00000000a5800000)
 Metaspace       used 57329K, capacity 59036K, committed 59160K, reserved 1099776K
  class space    used 7759K, capacity 8155K, committed 8224K, reserved 1048576K
}
Event: 19.033 GC heap before
{Heap before GC invocations=17 (full 3):
 PSYoungGen      total 161792K, used 14835K [0x00000000e0000000, 0x00000000eb580000, 0x0000000100000000)
  eden space 146944K, 0% used [0x00000000e0000000,0x00000000e0000000,0x00000000e8f80000)
  from space 14848K, 99% used [0x00000000ea180000,0x00000000eaffce50,0x00000000eb000000)
  to   space 18432K, 0% used [0x00000000e8f80000,0x00000000e8f80000,0x00000000ea180000)
 ParOldGen       total 90112K, used 26474K [0x00000000a0000000, 0x00000000a5800000, 0x00000000e0000000)
  object space 90112K, 29% used [0x00000000a0000000,0x00000000a19da9b0,0x00000000a5800000)
 Metaspace       used 57329K, capacity 59036K, committed 59160K, reserved 1099776K
  class space    used 7759K, capacity 8155K, committed 8224K, reserved 1048576K
Event: 19.292 GC heap after
Heap after GC invocations=17 (full 3):
 PSYoungGen      total 161792K, used 0K [0x00000000e0000000, 0x00000000eb580000, 0x0000000100000000)
  eden space 146944K, 0% used [0x00000000e0000000,0x00000000e0000000,0x00000000e8f80000)
  from space 14848K, 0% used [0x00000000ea180000,0x00000000ea180000,0x00000000eb000000)
  to   space 18432K, 0% used [0x00000000e8f80000,0x00000000e8f80000,0x00000000ea180000)
 ParOldGen       total 144384K, used 37428K [0x00000000a0000000, 0x00000000a8d00000, 0x00000000e0000000)
  object space 144384K, 25% used [0x00000000a0000000,0x00000000a248d318,0x00000000a8d00000)
 Metaspace       used 57329K, capacity 59036K, committed 59160K, reserved 1099776K
  class space    used 7759K, capacity 8155K, committed 8224K, reserved 1048576K
}
Event: 311.424 GC heap before
{Heap before GC invocations=18 (full 3):
 PSYoungGen      total 161792K, used 146944K [0x00000000e0000000, 0x00000000eb580000, 0x0000000100000000)
  eden space 146944K, 100% used [0x00000000e0000000,0x00000000e8f80000,0x00000000e8f80000)
  from space 14848K, 0% used [0x00000000ea180000,0x00000000ea180000,0x00000000eb000000)
  to   space 18432K, 0% used [0x00000000e8f80000,0x00000000e8f80000,0x00000000ea180000)
 ParOldGen       total 144384K, used 37428K [0x00000000a0000000, 0x00000000a8d00000, 0x00000000e0000000)
  object space 144384K, 25% used [0x00000000a0000000,0x00000000a248d318,0x00000000a8d00000)
 Metaspace       used 69258K, capacity 71538K, committed 71832K, reserved 1112064K
  class space    used 9113K, capacity 9612K, committed 9632K, reserved 1048576K
Event: 311.445 GC heap after
Heap after GC invocations=18 (full 3):
 PSYoungGen      total 165376K, used 16534K [0x00000000e0000000, 0x00000000ecd00000, 0x0000000100000000)
  eden space 146944K, 0% used [0x00000000e0000000,0x00000000e0000000,0x00000000e8f80000)
  from space 18432K, 89% used [0x00000000e8f80000,0x00000000e9fa59f0,0x00000000ea180000)
  to   space 19968K, 0% used [0x00000000eb980000,0x00000000eb980000,0x00000000ecd00000)
 ParOldGen       total 144384K, used 37436K [0x00000000a0000000, 0x00000000a8d00000, 0x00000000e0000000)
  object space 144384K, 25% used [0x00000000a0000000,0x00000000a248f318,0x00000000a8d00000)
 Metaspace       used 69258K, capacity 71538K, committed 71832K, reserved 1112064K
  class space    used 9113K, capacity 9612K, committed 9632K, reserved 1048576K
}
Event: 311.805 GC heap before
{Heap before GC invocations=19 (full 3):
 PSYoungGen      total 165376K, used 36750K [0x00000000e0000000, 0x00000000ecd00000, 0x0000000100000000)
  eden space 146944K, 13% used [0x00000000e0000000,0x00000000e13bdfe8,0x00000000e8f80000)
  from space 18432K, 89% used [0x00000000e8f80000,0x00000000e9fa59f0,0x00000000ea180000)
  to   space 19968K, 0% used [0x00000000eb980000,0x00000000eb980000,0x00000000ecd00000)
 ParOldGen       total 144384K, used 37436K [0x00000000a0000000, 0x00000000a8d00000, 0x00000000e0000000)
  object space 144384K, 25% used [0x00000000a0000000,0x00000000a248f318,0x00000000a8d00000)
 Metaspace       used 72808K, capacity 75118K, committed 75160K, reserved 1118208K
  class space    used 9597K, capacity 10120K, committed 10144K, reserved 1048576K
Event: 311.829 GC heap after
Heap after GC invocations=19 (full 3):
 PSYoungGen      total 166912K, used 14650K [0x00000000e0000000, 0x00000000ecd00000, 0x0000000100000000)
  eden space 146944K, 0% used [0x00000000e0000000,0x00000000e0000000,0x00000000e8f80000)
  from space 19968K, 73% used [0x00000000eb980000,0x00000000ec7ceb18,0x00000000ecd00000)
  to   space 18432K, 0% used [0x00000000e8f80000,0x00000000e8f80000,0x00000000ea180000)
 ParOldGen       total 144384K, used 37444K [0x00000000a0000000, 0x00000000a8d00000, 0x00000000e0000000)
  object space 144384K, 25% used [0x00000000a0000000,0x00000000a2491318,0x00000000a8d00000)
 Metaspace       used 72808K, capacity 75118K, committed 75160K, reserved 1118208K
  class space    used 9597K, capacity 10120K, committed 10144K, reserved 1048576K
}
Event: 311.829 GC heap before
{Heap before GC invocations=20 (full 4):
 PSYoungGen      total 166912K, used 14650K [0x00000000e0000000, 0x00000000ecd00000, 0x0000000100000000)
  eden space 146944K, 0% used [0x00000000e0000000,0x00000000e0000000,0x00000000e8f80000)
  from space 19968K, 73% used [0x00000000eb980000,0x00000000ec7ceb18,0x00000000ecd00000)
  to   space 18432K, 0% used [0x00000000e8f80000,0x00000000e8f80000,0x00000000ea180000)
 ParOldGen       total 144384K, used 37444K [0x00000000a0000000, 0x00000000a8d00000, 0x00000000e0000000)
  object space 144384K, 25% used [0x00000000a0000000,0x00000000a2491318,0x00000000a8d00000)
 Metaspace       used 72808K, capacity 75118K, committed 75160K, reserved 1118208K
  class space    used 9597K, capacity 10120K, committed 10144K, reserved 1048576K
Event: 312.043 GC heap after
Heap after GC invocations=20 (full 4):
 PSYoungGen      total 166912K, used 0K [0x00000000e0000000, 0x00000000ecd00000, 0x0000000100000000)
  eden space 146944K, 0% used [0x00000000e0000000,0x00000000e0000000,0x00000000e8f80000)
  from space 19968K, 0% used [0x00000000eb980000,0x00000000eb980000,0x00000000ecd00000)
  to   space 18432K, 0% used [0x00000000e8f80000,0x00000000e8f80000,0x00000000ea180000)
 ParOldGen       total 144384K, used 44916K [0x00000000a0000000, 0x00000000a8d00000, 0x00000000e0000000)
  object space 144384K, 31% used [0x00000000a0000000,0x00000000a2bdd170,0x00000000a8d00000)
 Metaspace       used 72773K, capacity 75016K, committed 75160K, reserved 1116160K
  class space    used 9585K, capacity 10099K, committed 10144K, reserved 1048576K
}

