# JRE version: OpenJDK Runtime Environment (8.0_152-b06) (build 1.8.0_152-release-1136-b06)
# Java VM: OpenJDK 64-Bit Server VM (25.152-b06 mixed mode windows-amd64 compressed oops)
Heap:
 PSYoungGen      total 195072K, used 66372K [0x00000000e0000000, 0x00000000ef080000, 0x0000000100000000)
  eden space 181248K, 32% used [0x00000000e0000000,0x00000000e38fb120,0x00000000eb100000)
  from space 13824K, 58% used [0x00000000ee300000,0x00000000eead5f40,0x00000000ef080000)
  to   space 12800K, 0% used [0x00000000eb100000,0x00000000eb100000,0x00000000ebd80000)
 ParOldGen       total 85504K, used 39235K [0x00000000a0000000, 0x00000000a5380000, 0x00000000e0000000)
  object space 85504K, 45% used [0x00000000a0000000,0x00000000a2650c38,0x00000000a5380000)
 Metaspace       used 66983K, capacity 68974K, committed 69016K, reserved 1110016K
  class space    used 8897K, capacity 9370K, committed 9392K, reserved 1048576K
GC Heap History (10 events):
Event: 17.621 GC heap before
{Heap before GC invocations=15 (full 2):
 PSYoungGen      total 157184K, used 155018K [0x00000000e0000000, 0x00000000eac80000, 0x0000000100000000)
  eden space 146432K, 100% used [0x00000000e0000000,0x00000000e8f00000,0x00000000e8f00000)
  from space 10752K, 79% used [0x00000000e9a00000,0x00000000ea2628f0,0x00000000ea480000)
  to   space 11264K, 0% used [0x00000000e8f00000,0x00000000e8f00000,0x00000000e9a00000)
 ParOldGen       total 85504K, used 24388K [0x00000000a0000000, 0x00000000a5380000, 0x00000000e0000000)
  object space 85504K, 28% used [0x00000000a0000000,0x00000000a17d1368,0x00000000a5380000)
 Metaspace       used 54762K, capacity 56444K, committed 56616K, reserved 1097728K
  class space    used 7440K, capacity 7873K, committed 7984K, reserved 1048576K
Event: 17.648 GC heap after
Heap after GC invocations=15 (full 2):
 PSYoungGen      total 157696K, used 11255K [0x00000000e0000000, 0x00000000ec980000, 0x0000000100000000)
  eden space 146432K, 0% used [0x00000000e0000000,0x00000000e0000000,0x00000000e8f00000)
  from space 11264K, 99% used [0x00000000e8f00000,0x00000000e99fdf00,0x00000000e9a00000)
  to   space 12288K, 0% used [0x00000000ebd80000,0x00000000ebd80000,0x00000000ec980000)
 ParOldGen       total 85504K, used 24562K [0x00000000a0000000, 0x00000000a5380000, 0x00000000e0000000)
  object space 85504K, 28% used [0x00000000a0000000,0x00000000a17fc928,0x00000000a5380000)
 Metaspace       used 54762K, capacity 56444K, committed 56616K, reserved 1097728K
  class space    used 7440K, capacity 7873K, committed 7984K, reserved 1048576K
}
Event: 19.310 GC heap before
{Heap before GC invocations=16 (full 2):
 PSYoungGen      total 157696K, used 72933K [0x00000000e0000000, 0x00000000ec980000, 0x0000000100000000)
  eden space 146432K, 42% used [0x00000000e0000000,0x00000000e3c3b5d8,0x00000000e8f00000)
  from space 11264K, 99% used [0x00000000e8f00000,0x00000000e99fdf00,0x00000000e9a00000)
  to   space 12288K, 0% used [0x00000000ebd80000,0x00000000ebd80000,0x00000000ec980000)
 ParOldGen       total 85504K, used 24562K [0x00000000a0000000, 0x00000000a5380000, 0x00000000e0000000)
  object space 85504K, 28% used [0x00000000a0000000,0x00000000a17fc928,0x00000000a5380000)
 Metaspace       used 57380K, capacity 59074K, committed 59160K, reserved 1099776K
  class space    used 7770K, capacity 8156K, committed 8240K, reserved 1048576K
Event: 19.336 GC heap after
Heap after GC invocations=16 (full 2):
 PSYoungGen      total 193536K, used 10190K [0x00000000e0000000, 0x00000000ecb00000, 0x0000000100000000)
  eden space 181248K, 0% used [0x00000000e0000000,0x00000000e0000000,0x00000000eb100000)
  from space 12288K, 82% used [0x00000000ebd80000,0x00000000ec773ad0,0x00000000ec980000)
  to   space 12800K, 0% used [0x00000000eb100000,0x00000000eb100000,0x00000000ebd80000)
 ParOldGen       total 85504K, used 31283K [0x00000000a0000000, 0x00000000a5380000, 0x00000000e0000000)
  object space 85504K, 36% used [0x00000000a0000000,0x00000000a1e8cf10,0x00000000a5380000)
 Metaspace       used 57380K, capacity 59074K, committed 59160K, reserved 1099776K
  class space    used 7770K, capacity 8156K, committed 8240K, reserved 1048576K
}
Event: 19.336 GC heap before
{Heap before GC invocations=17 (full 3):
 PSYoungGen      total 193536K, used 10190K [0x00000000e0000000, 0x00000000ecb00000, 0x0000000100000000)
  eden space 181248K, 0% used [0x00000000e0000000,0x00000000e0000000,0x00000000eb100000)
  from space 12288K, 82% used [0x00000000ebd80000,0x00000000ec773ad0,0x00000000ec980000)
  to   space 12800K, 0% used [0x00000000eb100000,0x00000000eb100000,0x00000000ebd80000)
 ParOldGen       total 85504K, used 31283K [0x00000000a0000000, 0x00000000a5380000, 0x00000000e0000000)
  object space 85504K, 36% used [0x00000000a0000000,0x00000000a1e8cf10,0x00000000a5380000)
 Metaspace       used 57380K, capacity 59074K, committed 59160K, reserved 1099776K
  class space    used 7770K, capacity 8156K, committed 8240K, reserved 1048576K
Event: 19.635 GC heap after
Heap after GC invocations=17 (full 3):
 PSYoungGen      total 193536K, used 0K [0x00000000e0000000, 0x00000000ecb00000, 0x0000000100000000)
  eden space 181248K, 0% used [0x00000000e0000000,0x00000000e0000000,0x00000000eb100000)
  from space 12288K, 0% used [0x00000000ebd80000,0x00000000ebd80000,0x00000000ec980000)
  to   space 12800K, 0% used [0x00000000eb100000,0x00000000eb100000,0x00000000ebd80000)
 ParOldGen       total 85504K, used 39219K [0x00000000a0000000, 0x00000000a5380000, 0x00000000e0000000)
  object space 85504K, 45% used [0x00000000a0000000,0x00000000a264cc38,0x00000000a5380000)
 Metaspace       used 57380K, capacity 59074K, committed 59160K, reserved 1099776K
  class space    used 7770K, capacity 8156K, committed 8240K, reserved 1048576K
}
Event: 25.672 GC heap before
{Heap before GC invocations=18 (full 3):
 PSYoungGen      total 193536K, used 180770K [0x00000000e0000000, 0x00000000ecb00000, 0x0000000100000000)
  eden space 181248K, 99% used [0x00000000e0000000,0x00000000eb088a18,0x00000000eb100000)
  from space 12288K, 0% used [0x00000000ebd80000,0x00000000ebd80000,0x00000000ec980000)
  to   space 12800K, 0% used [0x00000000eb100000,0x00000000eb100000,0x00000000ebd80000)
 ParOldGen       total 85504K, used 39219K [0x00000000a0000000, 0x00000000a5380000, 0x00000000e0000000)
  object space 85504K, 45% used [0x00000000a0000000,0x00000000a264cc38,0x00000000a5380000)
 Metaspace       used 66227K, capacity 68176K, committed 68504K, reserved 1107968K
  class space    used 8816K, capacity 9283K, committed 9392K, reserved 1048576K
Event: 25.694 GC heap after
Heap after GC invocations=18 (full 3):
 PSYoungGen      total 194048K, used 11929K [0x00000000e0000000, 0x00000000ef080000, 0x0000000100000000)
  eden space 181248K, 0% used [0x00000000e0000000,0x00000000e0000000,0x00000000eb100000)
  from space 12800K, 93% used [0x00000000eb100000,0x00000000ebca6428,0x00000000ebd80000)
  to   space 13824K, 0% used [0x00000000ee300000,0x00000000ee300000,0x00000000ef080000)
 ParOldGen       total 85504K, used 39227K [0x00000000a0000000, 0x00000000a5380000, 0x00000000e0000000)
  object space 85504K, 45% used [0x00000000a0000000,0x00000000a264ec38,0x00000000a5380000)
 Metaspace       used 66227K, capacity 68176K, committed 68504K, reserved 1107968K
  class space    used 8816K, capacity 9283K, committed 9392K, reserved 1048576K
}
Event: 25.727 GC heap before
{Heap before GC invocations=19 (full 3):
 PSYoungGen      total 194048K, used 192696K [0x00000000e0000000, 0x00000000ef080000, 0x0000000100000000)
  eden space 181248K, 99% used [0x00000000e0000000,0x00000000eb087e68,0x00000000eb100000)
  from space 12800K, 93% used [0x00000000eb100000,0x00000000ebca6428,0x00000000ebd80000)
  to   space 13824K, 0% used [0x00000000ee300000,0x00000000ee300000,0x00000000ef080000)
 ParOldGen       total 85504K, used 39227K [0x00000000a0000000, 0x00000000a5380000, 0x00000000e0000000)
  object space 85504K, 45% used [0x00000000a0000000,0x00000000a264ec38,0x00000000a5380000)
 Metaspace       used 66238K, capacity 68240K, committed 68504K, reserved 1107968K
  class space    used 8816K, capacity 9283K, committed 9392K, reserved 1048576K
Event: 25.738 GC heap after
Heap after GC invocations=19 (full 3):
 PSYoungGen      total 195072K, used 8023K [0x00000000e0000000, 0x00000000ef080000, 0x0000000100000000)
  eden space 181248K, 0% used [0x00000000e0000000,0x00000000e0000000,0x00000000eb100000)
  from space 13824K, 58% used [0x00000000ee300000,0x00000000eead5f40,0x00000000ef080000)
  to   space 12800K, 0% used [0x00000000eb100000,0x00000000eb100000,0x00000000ebd80000)
 ParOldGen       total 85504K, used 39235K [0x00000000a0000000, 0x00000000a5380000, 0x00000000e0000000)
  object space 85504K, 45% used [0x00000000a0000000,0x00000000a2650c38,0x00000000a5380000)
 Metaspace       used 66238K, capacity 68240K, committed 68504K, reserved 1107968K
  class space    used 8816K, capacity 9283K, committed 9392K, reserved 1048576K
}

